2025-12-11 10:36:22,618 - INFO - Starting Transform stage
2025-12-11 10:36:22,619 - INFO - Using file: data\raw\live_deliveries_FAILURE_20251211T050327Z.json
2025-12-11 10:36:22,641 - INFO - Using file: data\raw\route_traffic_FAILURE_20251211T050330Z.json
2025-12-11 10:36:57,462 - INFO - Starting Transform stage...
2025-12-11 10:36:57,463 - INFO - Loaded latest file: data\raw\live_deliveries_FAILURE_20251211T050327Z.json
2025-12-11 10:36:57,463 - INFO - Loaded latest file: data\raw\route_traffic_FAILURE_20251211T050330Z.json
2025-12-11 10:38:50,995 - INFO - Starting Transform stage...
2025-12-11 10:38:50,996 - ERROR - No valid raw file found for prefix live_deliveries
2025-12-11 10:38:50,997 - ERROR - No valid raw file found for prefix route_traffic
2025-12-11 10:38:50,997 - ERROR - Missing raw files. Transform aborted.
2025-12-11 10:38:50,997 - INFO - Transform stage finished.
2025-12-11 10:40:03,924 - INFO - Starting Transform stage...
2025-12-11 10:40:03,925 - ERROR - No valid raw file found for prefix live_deliveries
2025-12-11 10:40:03,926 - ERROR - No valid raw file found for prefix route_traffic
2025-12-11 10:40:03,926 - ERROR - Missing raw files. Transform aborted.
2025-12-11 10:40:03,926 - INFO - Transform stage finished.
2025-12-11 10:40:28,481 - INFO - Starting Transform stage...
2025-12-11 10:40:28,482 - INFO - Loaded latest file: data\raw\live_deliveries_20251211T051015Z.json
2025-12-11 10:40:28,505 - INFO - Loaded latest file: data\raw\route_traffic_20251211T051015Z.json
2025-12-11 10:40:28,528 - INFO - Cleaning live delivery data...
2025-12-11 10:40:28,542 - INFO - Cleaning route traffic data...
2025-12-11 10:40:28,545 - INFO - Merging datasets...
2025-12-11 10:40:28,564 - INFO - Clean dataset saved: data\clean\clean_data_20251211T104028.csv
2025-12-11 10:40:28,565 - INFO - Transform stage finished.
2025-12-11 10:46:35,186 - INFO - Starting Transform stage...
2025-12-11 10:46:35,187 - INFO - Loaded latest file: data\raw\live_deliveries_20251211T051015Z.json
2025-12-11 10:46:35,189 - INFO - Loaded latest file: data\raw\route_traffic_20251211T051015Z.json
2025-12-11 10:46:35,191 - INFO - Cleaning live delivery data...
2025-12-11 10:46:35,200 - INFO - Cleaning route traffic data...
2025-12-11 10:46:35,201 - INFO - Merging datasets...
2025-12-11 10:46:35,257 - INFO - Clean dataset saved: data\clean\clean_data_20251211T104635.csv
2025-12-11 10:46:35,257 - INFO - Transform stage finished.
2025-12-11 10:46:51,605 - INFO - Starting Transform stage...
2025-12-11 10:46:51,607 - INFO - Loaded latest file: data\raw\live_deliveries_20251211T051643Z.json
2025-12-11 10:46:51,636 - INFO - Loaded latest file: data\raw\route_traffic_20251211T051643Z.json
2025-12-11 10:46:51,659 - INFO - Cleaning live delivery data...
2025-12-11 10:46:51,666 - INFO - Cleaning route traffic data...
2025-12-11 10:46:51,668 - INFO - Merging datasets...
2025-12-11 10:46:51,687 - INFO - Clean dataset saved: data\clean\clean_data_20251211T104651.csv
2025-12-11 10:46:51,688 - INFO - Transform stage finished.
2025-12-11 10:50:35,714 - INFO - Starting Transform stage...
2025-12-11 10:50:35,769 - INFO - Transform finished. Clean data saved: data\clean\clean_data_20251211T105035.csv
2025-12-11 10:51:33,771 - INFO - Starting Transform stage...
2025-12-11 10:51:33,803 - INFO - Transform finished. Clean data saved: data\clean\clean_data_20251211T105133.csv
